<?xml version="1.0" encoding="UTF-8"?>
<!-- Generated by org.testng.reporters.JUnitXMLReporter -->
<testsuite ignored="0" hostname="robbie_hp_new" failures="1" tests="9" name="Functional Tests" time="80.687" errors="0" timestamp="2025-06-12T10:27:22 EDT">
  <testcase classname="tests.LoginPage_Test" name="VerifyLoginPageTitle" time="4.044"/>
  <testcase classname="tests.LoginPage_Test" name="verifyValidLogin" time="1.214"/>
  <testcase classname="tests.InventoryPage_Test" name="VerifyAddProductToCart" time="3.202"/>
  <testcase classname="tests.InventoryPage_Test" name="VerifyLogoutFromInventoryPage" time="3.339"/>
  <testcase classname="tests.InventoryPage_Test" name="verifyClickingOnProduct" time="3.722"/>
  <testcase classname="tests.InventoryItemPage_Test" name="verifyAddProductToCartFromInventoryItemPage" time="1.177"/>
  <testcase classname="tests.InventoryItemPage_Test" name="verifyBackButton" time="1.719"/>
  <testcase classname="tests.InventoryItemPage_Test" name="verifyLogoutFromInventoryItemPage" time="1.347">
    <failure type="org.openqa.selenium.ElementNotInteractableException" message="element not interactable
  (Session info: chrome=137.0.7151.70)
Build info: version: &amp;apos;4.32.0&amp;apos;, revision: &amp;apos;d17c8aa950&amp;apos;
System info: os.name: &amp;apos;Windows 11&amp;apos;, os.arch: &amp;apos;amd64&amp;apos;, os.version: &amp;apos;10.0&amp;apos;, java.version: &amp;apos;21.0.7&amp;apos;
Driver info: org.openqa.selenium.chrome.ChromeDriver
Command: [ec23e3b64757d42a561b7dee634f688a, clickElement {id=f.86BC58150816E61EE9E06AAAD7B93116.d.59B34A26ED6120E9C03A8DEFC2639EF3.e.39}]
Capabilities {acceptInsecureCerts: false, browserName: chrome, browserVersion: 137.0.7151.70, chrome: {chromedriverVersion: 137.0.7151.70 (dfa4dc56b2ab..., userDataDir: C:\Users\mcnag\AppData\Loca...}, fedcm:accounts: true, goog:chromeOptions: {debuggerAddress: localhost:51010}, networkConnectionEnabled: false, pageLoadStrategy: normal, platformName: windows, proxy: Proxy(), se:cdp: ws://localhost:51010/devtoo..., se:cdpVersion: 137.0.7151.70, setWindowRect: true, strictFileInteractability: false, timeouts: {implicit: 0, pageLoad: 300000, script: 30000}, unhandledPromptBehavior: dismiss and notify, webauthn:extension:credBlob: true, webauthn:extension:largeBlob: true, webauthn:extension:minPinLength: true, webauthn:extension:prf: true, webauthn:virtualAuthenticators: true}
Element: [[ChromeDriver: chrome on windows (ec23e3b64757d42a561b7dee634f688a)] -&amp;gt; id: logout_sidebar_link]
Session ID: ec23e3b64757d42a561b7dee634f688a">
      <![CDATA[org.openqa.selenium.ElementNotInteractableException: element not interactable
  (Session info: chrome=137.0.7151.70)
Build info: version: '4.32.0', revision: 'd17c8aa950'
System info: os.name: 'Windows 11', os.arch: 'amd64', os.version: '10.0', java.version: '21.0.7'
Driver info: org.openqa.selenium.chrome.ChromeDriver
Command: [ec23e3b64757d42a561b7dee634f688a, clickElement {id=f.86BC58150816E61EE9E06AAAD7B93116.d.59B34A26ED6120E9C03A8DEFC2639EF3.e.39}]
Capabilities {acceptInsecureCerts: false, browserName: chrome, browserVersion: 137.0.7151.70, chrome: {chromedriverVersion: 137.0.7151.70 (dfa4dc56b2ab..., userDataDir: C:\Users\mcnag\AppData\Loca...}, fedcm:accounts: true, goog:chromeOptions: {debuggerAddress: localhost:51010}, networkConnectionEnabled: false, pageLoadStrategy: normal, platformName: windows, proxy: Proxy(), se:cdp: ws://localhost:51010/devtoo..., se:cdpVersion: 137.0.7151.70, setWindowRect: true, strictFileInteractability: false, timeouts: {implicit: 0, pageLoad: 300000, script: 30000}, unhandledPromptBehavior: dismiss and notify, webauthn:extension:credBlob: true, webauthn:extension:largeBlob: true, webauthn:extension:minPinLength: true, webauthn:extension:prf: true, webauthn:virtualAuthenticators: true}
Element: [[ChromeDriver: chrome on windows (ec23e3b64757d42a561b7dee634f688a)] -> id: logout_sidebar_link]
Session ID: ec23e3b64757d42a561b7dee634f688a
at org.openqa.selenium.remote.ErrorCodec.decode(ErrorCodec.java:167)
at org.openqa.selenium.remote.codec.w3c.W3CHttpResponseCodec.decode(W3CHttpResponseCodec.java:138)
at org.openqa.selenium.remote.codec.w3c.W3CHttpResponseCodec.decode(W3CHttpResponseCodec.java:50)
at org.openqa.selenium.remote.HttpCommandExecutor.execute(HttpCommandExecutor.java:215)
at org.openqa.selenium.remote.service.DriverCommandExecutor.invokeExecute(DriverCommandExecutor.java:216)
at org.openqa.selenium.remote.service.DriverCommandExecutor.execute(DriverCommandExecutor.java:174)
at org.openqa.selenium.remote.RemoteWebDriver.execute(RemoteWebDriver.java:545)
at org.openqa.selenium.remote.RemoteWebElement.execute(RemoteWebElement.java:223)
at org.openqa.selenium.remote.RemoteWebElement.click(RemoteWebElement.java:76)
at org.openqa.selenium.support.pagefactory.internal.LocatingElementHandler.invoke(LocatingElementHandler.java:51)
at jdk.proxy2/jdk.proxy2.$Proxy14.click(Unknown Source)
at pages.InventoryItemPage.logoutFromInventoryItemPage(InventoryItemPage.java:53)
at tests.InventoryItemPage_Test.verifyLogoutFromInventoryItemPage(InventoryItemPage_Test.java:69)
at java.base/java.util.ArrayList.forEach(ArrayList.java:1596)
... Removed 30 stack frames]]>
    </failure>
  </testcase> <!-- verifyLogoutFromInventoryItemPage -->
  <testcase classname="tests.InventoryItemPage_Test" name="verifyRemoveProductFromCartFromInventoryItemPage" time="3.57"/>
</testsuite> <!-- Functional Tests -->
